2024-05-16 16:39:37,028 INFO [main] pe.edu.utp.App [App.java : 36] -- Init app...
2024-05-16 16:39:37,237 INFO [main] org.eclipse.jetty.server.Server [Server.java : 384] -- jetty-11.0.15; built: 2023-04-11T18:37:53.775Z; git: 5bc5e562c8d05c5862505aebe5cf83a61bdbcb96; jvm 17.0.9+8-LTS
2024-05-16 16:39:37,351 INFO [main] o.e.j.s.s.DefaultSessionIdManager [DefaultSessionIdManager.java : 332] -- Session workerName=node0
2024-05-16 16:39:37,407 INFO [main] o.e.j.server.handler.ContextHandler [ContextHandler.java : 907] -- Started o.e.j.s.ServletContextHandler@1fdf1c5{/,file:///C:/Users/Duki2/AppData/Local/Temp/,AVAILABLE}
2024-05-16 16:39:37,463 INFO [main] o.e.jetty.server.AbstractConnector [AbstractConnector.java : 376] -- Started ServerConnector@1fde5d22{HTTP/1.1, (http/1.1)}{0.0.0.0:8085}
2024-05-16 16:39:37,508 INFO [main] o.e.jetty.server.AbstractConnector [AbstractConnector.java : 376] -- Started ServerConnector@3a12c404{HTTP/1.1, (http/1.1)}{0.0.0.0:55814}
2024-05-16 16:39:37,510 INFO [main] org.eclipse.jetty.server.Server [Server.java : 439] -- Started Server@4f5991f6{STARTING}[11.0.15,sto=0] @1982ms
2024-05-16 20:19:01,291 INFO [main] pe.edu.utp.App [App.java : 36] -- Init app...
2024-05-16 20:19:01,532 INFO [main] org.eclipse.jetty.server.Server [Server.java : 384] -- jetty-11.0.15; built: 2023-04-11T18:37:53.775Z; git: 5bc5e562c8d05c5862505aebe5cf83a61bdbcb96; jvm 17.0.9+8-LTS
2024-05-16 20:19:01,587 INFO [main] o.e.j.s.s.DefaultSessionIdManager [DefaultSessionIdManager.java : 332] -- Session workerName=node0
2024-05-16 20:19:01,621 INFO [main] o.e.j.server.handler.ContextHandler [ContextHandler.java : 907] -- Started o.e.j.s.ServletContextHandler@eda25e5{/,file:///C:/Users/Duki2/AppData/Local/Temp/,AVAILABLE}
2024-05-16 20:19:01,646 INFO [main] o.e.jetty.server.AbstractConnector [AbstractConnector.java : 376] -- Started ServerConnector@41709512{HTTP/1.1, (http/1.1)}{0.0.0.0:8085}
2024-05-16 20:19:01,662 INFO [main] o.e.jetty.server.AbstractConnector [AbstractConnector.java : 376] -- Started ServerConnector@6e950bcf{HTTP/1.1, (http/1.1)}{0.0.0.0:57335}
2024-05-16 20:19:01,662 INFO [main] org.eclipse.jetty.server.Server [Server.java : 439] -- Started Server@56928307{STARTING}[11.0.15,sto=0] @1430ms
2024-05-16 20:22:09,086 INFO [main] pe.edu.utp.App [App.java : 36] -- Init app...
2024-05-16 20:22:09,191 INFO [main] org.eclipse.jetty.server.Server [Server.java : 384] -- jetty-11.0.15; built: 2023-04-11T18:37:53.775Z; git: 5bc5e562c8d05c5862505aebe5cf83a61bdbcb96; jvm 17.0.9+8-LTS
2024-05-16 20:22:09,232 INFO [main] o.e.j.s.s.DefaultSessionIdManager [DefaultSessionIdManager.java : 332] -- Session workerName=node0
2024-05-16 20:22:09,255 INFO [main] o.e.j.server.handler.ContextHandler [ContextHandler.java : 907] -- Started o.e.j.s.ServletContextHandler@eda25e5{/,file:///C:/Users/Duki2/AppData/Local/Temp/,AVAILABLE}
2024-05-16 20:22:09,279 INFO [main] o.e.jetty.server.AbstractConnector [AbstractConnector.java : 376] -- Started ServerConnector@41709512{HTTP/1.1, (http/1.1)}{0.0.0.0:8085}
2024-05-16 20:22:09,293 INFO [main] o.e.jetty.server.AbstractConnector [AbstractConnector.java : 376] -- Started ServerConnector@6e950bcf{HTTP/1.1, (http/1.1)}{0.0.0.0:57354}
2024-05-16 20:22:09,293 INFO [main] org.eclipse.jetty.server.Server [Server.java : 439] -- Started Server@56928307{STARTING}[11.0.15,sto=0] @890ms
2024-05-16 21:54:08,844 INFO [main] pe.edu.utp.App [App.java : 36] -- Init app...
2024-05-16 21:54:09,203 INFO [main] org.eclipse.jetty.server.Server [Server.java : 384] -- jetty-11.0.15; built: 2023-04-11T18:37:53.775Z; git: 5bc5e562c8d05c5862505aebe5cf83a61bdbcb96; jvm 17.0.9+8-LTS
2024-05-16 21:54:09,311 INFO [main] o.e.j.s.s.DefaultSessionIdManager [DefaultSessionIdManager.java : 332] -- Session workerName=node0
2024-05-16 21:54:09,383 INFO [main] o.e.j.server.handler.ContextHandler [ContextHandler.java : 907] -- Started o.e.j.s.ServletContextHandler@eda25e5{/,file:///C:/Users/Duki2/AppData/Local/Temp/,AVAILABLE}
2024-05-16 21:54:09,440 INFO [main] o.e.jetty.server.AbstractConnector [AbstractConnector.java : 376] -- Started ServerConnector@41709512{HTTP/1.1, (http/1.1)}{0.0.0.0:8085}
2024-05-16 21:54:09,479 INFO [main] o.e.jetty.server.AbstractConnector [AbstractConnector.java : 376] -- Started ServerConnector@6e950bcf{HTTP/1.1, (http/1.1)}{0.0.0.0:58386}
2024-05-16 21:54:09,480 INFO [main] org.eclipse.jetty.server.Server [Server.java : 439] -- Started Server@56928307{STARTING}[11.0.15,sto=0] @2393ms
2024-05-16 21:54:47,530 INFO [main] pe.edu.utp.App [App.java : 36] -- Init app...
2024-05-16 21:54:47,718 INFO [main] org.eclipse.jetty.server.Server [Server.java : 384] -- jetty-11.0.15; built: 2023-04-11T18:37:53.775Z; git: 5bc5e562c8d05c5862505aebe5cf83a61bdbcb96; jvm 17.0.9+8-LTS
2024-05-16 21:54:47,792 INFO [main] o.e.j.s.s.DefaultSessionIdManager [DefaultSessionIdManager.java : 332] -- Session workerName=node0
2024-05-16 21:54:47,847 INFO [main] o.e.j.server.handler.ContextHandler [ContextHandler.java : 907] -- Started o.e.j.s.ServletContextHandler@eda25e5{/,file:///C:/Users/Duki2/AppData/Local/Temp/,AVAILABLE}
2024-05-16 21:54:47,892 INFO [main] o.e.jetty.server.AbstractConnector [AbstractConnector.java : 376] -- Started ServerConnector@41709512{HTTP/1.1, (http/1.1)}{0.0.0.0:8085}
2024-05-16 21:54:47,920 INFO [main] o.e.jetty.server.AbstractConnector [AbstractConnector.java : 376] -- Started ServerConnector@6e950bcf{HTTP/1.1, (http/1.1)}{0.0.0.0:58400}
2024-05-16 21:54:47,920 INFO [main] org.eclipse.jetty.server.Server [Server.java : 439] -- Started Server@56928307{STARTING}[11.0.15,sto=0] @1679ms
2024-05-16 21:59:48,170 INFO [main] pe.edu.utp.App [App.java : 36] -- Init app...
2024-05-16 21:59:48,690 INFO [main] org.eclipse.jetty.server.Server [Server.java : 384] -- jetty-11.0.15; built: 2023-04-11T18:37:53.775Z; git: 5bc5e562c8d05c5862505aebe5cf83a61bdbcb96; jvm 17.0.9+8-LTS
2024-05-16 21:59:48,889 INFO [main] o.e.j.s.s.DefaultSessionIdManager [DefaultSessionIdManager.java : 332] -- Session workerName=node0
2024-05-16 21:59:49,029 INFO [main] o.e.j.server.handler.ContextHandler [ContextHandler.java : 907] -- Started o.e.j.s.ServletContextHandler@55dfcc6{/,file:///C:/Users/Duki2/AppData/Local/Temp/,AVAILABLE}
2024-05-16 21:59:49,164 INFO [main] o.e.jetty.server.AbstractConnector [AbstractConnector.java : 376] -- Started ServerConnector@177bea38{HTTP/1.1, (http/1.1)}{0.0.0.0:8085}
2024-05-16 21:59:49,221 INFO [main] o.e.jetty.server.AbstractConnector [AbstractConnector.java : 376] -- Started ServerConnector@3568f9d2{HTTP/1.1, (http/1.1)}{0.0.0.0:58430}
2024-05-16 21:59:49,223 INFO [main] org.eclipse.jetty.server.Server [Server.java : 439] -- Started Server@7b420819{STARTING}[11.0.15,sto=0] @4410ms
2024-05-16 22:02:52,770 INFO [main] pe.edu.utp.App [App.java : 36] -- Init app...
2024-05-16 22:02:52,958 INFO [main] org.eclipse.jetty.server.Server [Server.java : 384] -- jetty-11.0.15; built: 2023-04-11T18:37:53.775Z; git: 5bc5e562c8d05c5862505aebe5cf83a61bdbcb96; jvm 17.0.9+8-LTS
2024-05-16 22:02:53,052 INFO [main] o.e.j.s.s.DefaultSessionIdManager [DefaultSessionIdManager.java : 332] -- Session workerName=node0
2024-05-16 22:02:53,115 INFO [main] o.e.j.server.handler.ContextHandler [ContextHandler.java : 907] -- Started o.e.j.s.ServletContextHandler@eda25e5{/,file:///C:/Users/Duki2/AppData/Local/Temp/,AVAILABLE}
2024-05-16 22:02:53,169 INFO [main] o.e.jetty.server.AbstractConnector [AbstractConnector.java : 376] -- Started ServerConnector@41709512{HTTP/1.1, (http/1.1)}{0.0.0.0:8085}
2024-05-16 22:02:53,204 INFO [main] o.e.jetty.server.AbstractConnector [AbstractConnector.java : 376] -- Started ServerConnector@6e950bcf{HTTP/1.1, (http/1.1)}{0.0.0.0:58474}
2024-05-16 22:02:53,204 INFO [main] org.eclipse.jetty.server.Server [Server.java : 439] -- Started Server@56928307{STARTING}[11.0.15,sto=0] @1899ms
2024-05-16 22:45:20,101 INFO [main] pe.edu.utp.App [App.java : 36] -- Init app...
2024-05-16 22:45:20,401 INFO [main] org.eclipse.jetty.server.Server [Server.java : 384] -- jetty-11.0.15; built: 2023-04-11T18:37:53.775Z; git: 5bc5e562c8d05c5862505aebe5cf83a61bdbcb96; jvm 17.0.9+8-LTS
2024-05-16 22:45:20,502 INFO [main] o.e.j.s.s.DefaultSessionIdManager [DefaultSessionIdManager.java : 332] -- Session workerName=node0
2024-05-16 22:45:20,581 INFO [main] o.e.j.server.handler.ContextHandler [ContextHandler.java : 907] -- Started o.e.j.s.ServletContextHandler@eda25e5{/,file:///C:/Users/Duki2/AppData/Local/Temp/,AVAILABLE}
2024-05-16 22:45:20,663 INFO [main] o.e.jetty.server.AbstractConnector [AbstractConnector.java : 376] -- Started ServerConnector@41709512{HTTP/1.1, (http/1.1)}{0.0.0.0:8085}
2024-05-16 22:45:20,700 INFO [main] o.e.jetty.server.AbstractConnector [AbstractConnector.java : 376] -- Started ServerConnector@6e950bcf{HTTP/1.1, (http/1.1)}{0.0.0.0:58821}
2024-05-16 22:45:20,700 INFO [main] org.eclipse.jetty.server.Server [Server.java : 439] -- Started Server@56928307{STARTING}[11.0.15,sto=0] @2360ms
2024-05-16 22:51:14,558 INFO [main] pe.edu.utp.App [App.java : 36] -- Init app...
2024-05-16 22:51:14,737 INFO [main] org.eclipse.jetty.server.Server [Server.java : 384] -- jetty-11.0.15; built: 2023-04-11T18:37:53.775Z; git: 5bc5e562c8d05c5862505aebe5cf83a61bdbcb96; jvm 17.0.9+8-LTS
2024-05-16 22:51:14,826 INFO [main] o.e.j.s.s.DefaultSessionIdManager [DefaultSessionIdManager.java : 332] -- Session workerName=node0
2024-05-16 22:51:14,889 INFO [main] o.e.j.server.handler.ContextHandler [ContextHandler.java : 907] -- Started o.e.j.s.ServletContextHandler@eda25e5{/,file:///C:/Users/Duki2/AppData/Local/Temp/,AVAILABLE}
2024-05-16 22:51:14,938 INFO [main] o.e.jetty.server.AbstractConnector [AbstractConnector.java : 376] -- Started ServerConnector@41709512{HTTP/1.1, (http/1.1)}{0.0.0.0:8085}
2024-05-16 22:51:14,966 INFO [main] o.e.jetty.server.AbstractConnector [AbstractConnector.java : 376] -- Started ServerConnector@6e950bcf{HTTP/1.1, (http/1.1)}{0.0.0.0:58876}
2024-05-16 22:51:14,967 INFO [main] org.eclipse.jetty.server.Server [Server.java : 439] -- Started Server@56928307{STARTING}[11.0.15,sto=0] @1693ms
2024-05-16 22:55:48,582 INFO [main] pe.edu.utp.App [App.java : 36] -- Init app...
2024-05-16 22:55:48,771 INFO [main] org.eclipse.jetty.server.Server [Server.java : 384] -- jetty-11.0.15; built: 2023-04-11T18:37:53.775Z; git: 5bc5e562c8d05c5862505aebe5cf83a61bdbcb96; jvm 17.0.9+8-LTS
2024-05-16 22:55:48,872 INFO [main] o.e.j.s.s.DefaultSessionIdManager [DefaultSessionIdManager.java : 332] -- Session workerName=node0
2024-05-16 22:55:48,939 INFO [main] o.e.j.server.handler.ContextHandler [ContextHandler.java : 907] -- Started o.e.j.s.ServletContextHandler@eda25e5{/,file:///C:/Users/Duki2/AppData/Local/Temp/,AVAILABLE}
2024-05-16 22:55:48,999 INFO [main] o.e.jetty.server.AbstractConnector [AbstractConnector.java : 376] -- Started ServerConnector@41709512{HTTP/1.1, (http/1.1)}{0.0.0.0:8085}
2024-05-16 22:55:49,051 INFO [main] o.e.jetty.server.AbstractConnector [AbstractConnector.java : 376] -- Started ServerConnector@6e950bcf{HTTP/1.1, (http/1.1)}{0.0.0.0:58906}
2024-05-16 22:55:49,053 INFO [main] org.eclipse.jetty.server.Server [Server.java : 439] -- Started Server@56928307{STARTING}[11.0.15,sto=0] @1852ms
2024-05-16 22:56:38,634 WARN [qtp1611832218-18] o.eclipse.jetty.server.HttpChannel [HttpChannel.java : 806] -- /register_proyectos
java.lang.NumberFormatException: For input string: "<option value="
	at java.base/java.lang.NumberFormatException.forInputString(NumberFormatException.java:67)
	at java.base/java.lang.Integer.parseInt(Integer.java:668)
	at java.base/java.lang.Integer.parseInt(Integer.java:786)
	at pe.edu.utp.servlets.RegistroProyectoServlet.doPost(RegistroProyectoServlet.java:41)
	at jakarta.servlet.http.HttpServlet.service(HttpServlet.java:520)
	at jakarta.servlet.http.HttpServlet.service(HttpServlet.java:587)
	at org.eclipse.jetty.servlet.ServletHolder.handle(ServletHolder.java:764)
	at org.eclipse.jetty.servlet.ServletHandler$ChainEnd.doFilter(ServletHandler.java:1665)
	at org.eclipse.jetty.servlet.ServletHandler.doHandle(ServletHandler.java:527)
	at org.eclipse.jetty.server.handler.ScopedHandler.nextHandle(ScopedHandler.java:221)
	at org.eclipse.jetty.server.session.SessionHandler.doHandle(SessionHandler.java:1570)
	at org.eclipse.jetty.server.handler.ScopedHandler.nextHandle(ScopedHandler.java:221)
	at org.eclipse.jetty.server.handler.ContextHandler.doHandle(ContextHandler.java:1381)
	at org.eclipse.jetty.server.handler.ScopedHandler.nextScope(ScopedHandler.java:176)
	at org.eclipse.jetty.servlet.ServletHandler.doScope(ServletHandler.java:484)
	at org.eclipse.jetty.server.session.SessionHandler.doScope(SessionHandler.java:1543)
	at org.eclipse.jetty.server.handler.ScopedHandler.nextScope(ScopedHandler.java:174)
	at org.eclipse.jetty.server.handler.ContextHandler.doScope(ContextHandler.java:1303)
	at org.eclipse.jetty.server.handler.ScopedHandler.handle(ScopedHandler.java:129)
	at org.eclipse.jetty.server.handler.HandlerWrapper.handle(HandlerWrapper.java:122)
	at org.eclipse.jetty.server.Server.handle(Server.java:563)
	at org.eclipse.jetty.server.HttpChannel.lambda$handle$0(HttpChannel.java:505)
	at org.eclipse.jetty.server.HttpChannel.dispatch(HttpChannel.java:762)
	at org.eclipse.jetty.server.HttpChannel.handle(HttpChannel.java:497)
	at org.eclipse.jetty.server.HttpConnection.onFillable(HttpConnection.java:282)
	at org.eclipse.jetty.io.AbstractConnection$ReadCallback.succeeded(AbstractConnection.java:314)
	at org.eclipse.jetty.io.FillInterest.fillable(FillInterest.java:100)
	at org.eclipse.jetty.io.SelectableChannelEndPoint$1.run(SelectableChannelEndPoint.java:53)
	at org.eclipse.jetty.util.thread.strategy.AdaptiveExecutionStrategy.runTask(AdaptiveExecutionStrategy.java:416)
	at org.eclipse.jetty.util.thread.strategy.AdaptiveExecutionStrategy.consumeTask(AdaptiveExecutionStrategy.java:385)
	at org.eclipse.jetty.util.thread.strategy.AdaptiveExecutionStrategy.tryProduce(AdaptiveExecutionStrategy.java:272)
	at org.eclipse.jetty.util.thread.strategy.AdaptiveExecutionStrategy.produce(AdaptiveExecutionStrategy.java:194)
	at org.eclipse.jetty.util.thread.QueuedThreadPool.runJob(QueuedThreadPool.java:969)
	at org.eclipse.jetty.util.thread.QueuedThreadPool$Runner.doRunJob(QueuedThreadPool.java:1194)
	at org.eclipse.jetty.util.thread.QueuedThreadPool$Runner.run(QueuedThreadPool.java:1149)
	at java.base/java.lang.Thread.run(Thread.java:840)
2024-05-16 22:57:02,246 WARN [qtp1611832218-19] o.eclipse.jetty.server.HttpChannel [HttpChannel.java : 806] -- /register_proyectos
java.lang.NumberFormatException: For input string: "<option value="
	at java.base/java.lang.NumberFormatException.forInputString(NumberFormatException.java:67)
	at java.base/java.lang.Integer.parseInt(Integer.java:668)
	at java.base/java.lang.Integer.parseInt(Integer.java:786)
	at pe.edu.utp.servlets.RegistroProyectoServlet.doPost(RegistroProyectoServlet.java:41)
	at jakarta.servlet.http.HttpServlet.service(HttpServlet.java:520)
	at jakarta.servlet.http.HttpServlet.service(HttpServlet.java:587)
	at org.eclipse.jetty.servlet.ServletHolder.handle(ServletHolder.java:764)
	at org.eclipse.jetty.servlet.ServletHandler$ChainEnd.doFilter(ServletHandler.java:1665)
	at org.eclipse.jetty.servlet.ServletHandler.doHandle(ServletHandler.java:527)
	at org.eclipse.jetty.server.handler.ScopedHandler.nextHandle(ScopedHandler.java:221)
	at org.eclipse.jetty.server.session.SessionHandler.doHandle(SessionHandler.java:1570)
	at org.eclipse.jetty.server.handler.ScopedHandler.nextHandle(ScopedHandler.java:221)
	at org.eclipse.jetty.server.handler.ContextHandler.doHandle(ContextHandler.java:1381)
	at org.eclipse.jetty.server.handler.ScopedHandler.nextScope(ScopedHandler.java:176)
	at org.eclipse.jetty.servlet.ServletHandler.doScope(ServletHandler.java:484)
	at org.eclipse.jetty.server.session.SessionHandler.doScope(SessionHandler.java:1543)
	at org.eclipse.jetty.server.handler.ScopedHandler.nextScope(ScopedHandler.java:174)
	at org.eclipse.jetty.server.handler.ContextHandler.doScope(ContextHandler.java:1303)
	at org.eclipse.jetty.server.handler.ScopedHandler.handle(ScopedHandler.java:129)
	at org.eclipse.jetty.server.handler.HandlerWrapper.handle(HandlerWrapper.java:122)
	at org.eclipse.jetty.server.Server.handle(Server.java:563)
	at org.eclipse.jetty.server.HttpChannel.lambda$handle$0(HttpChannel.java:505)
	at org.eclipse.jetty.server.HttpChannel.dispatch(HttpChannel.java:762)
	at org.eclipse.jetty.server.HttpChannel.handle(HttpChannel.java:497)
	at org.eclipse.jetty.server.HttpConnection.onFillable(HttpConnection.java:282)
	at org.eclipse.jetty.io.AbstractConnection$ReadCallback.succeeded(AbstractConnection.java:314)
	at org.eclipse.jetty.io.FillInterest.fillable(FillInterest.java:100)
	at org.eclipse.jetty.io.SelectableChannelEndPoint$1.run(SelectableChannelEndPoint.java:53)
	at org.eclipse.jetty.util.thread.strategy.AdaptiveExecutionStrategy.runTask(AdaptiveExecutionStrategy.java:416)
	at org.eclipse.jetty.util.thread.strategy.AdaptiveExecutionStrategy.consumeTask(AdaptiveExecutionStrategy.java:385)
	at org.eclipse.jetty.util.thread.strategy.AdaptiveExecutionStrategy.tryProduce(AdaptiveExecutionStrategy.java:272)
	at org.eclipse.jetty.util.thread.strategy.AdaptiveExecutionStrategy.produce(AdaptiveExecutionStrategy.java:194)
	at org.eclipse.jetty.util.thread.QueuedThreadPool.runJob(QueuedThreadPool.java:969)
	at org.eclipse.jetty.util.thread.QueuedThreadPool$Runner.doRunJob(QueuedThreadPool.java:1194)
	at org.eclipse.jetty.util.thread.QueuedThreadPool$Runner.run(QueuedThreadPool.java:1149)
	at java.base/java.lang.Thread.run(Thread.java:840)
2024-05-16 23:02:36,317 INFO [main] pe.edu.utp.App [App.java : 36] -- Init app...
2024-05-16 23:02:36,442 INFO [main] org.eclipse.jetty.server.Server [Server.java : 384] -- jetty-11.0.15; built: 2023-04-11T18:37:53.775Z; git: 5bc5e562c8d05c5862505aebe5cf83a61bdbcb96; jvm 17.0.9+8-LTS
2024-05-16 23:02:36,484 INFO [main] o.e.j.s.s.DefaultSessionIdManager [DefaultSessionIdManager.java : 332] -- Session workerName=node0
2024-05-16 23:02:36,510 INFO [main] o.e.j.server.handler.ContextHandler [ContextHandler.java : 907] -- Started o.e.j.s.ServletContextHandler@eda25e5{/,file:///C:/Users/Duki2/AppData/Local/Temp/,AVAILABLE}
2024-05-16 23:02:36,539 INFO [main] o.e.jetty.server.AbstractConnector [AbstractConnector.java : 376] -- Started ServerConnector@41709512{HTTP/1.1, (http/1.1)}{0.0.0.0:8085}
2024-05-16 23:02:36,566 INFO [main] o.e.jetty.server.AbstractConnector [AbstractConnector.java : 376] -- Started ServerConnector@6e950bcf{HTTP/1.1, (http/1.1)}{0.0.0.0:58992}
2024-05-16 23:02:36,566 INFO [main] org.eclipse.jetty.server.Server [Server.java : 439] -- Started Server@56928307{STARTING}[11.0.15,sto=0] @1152ms
2024-05-16 23:04:01,194 INFO [main] pe.edu.utp.App [App.java : 36] -- Init app...
2024-05-16 23:04:01,295 INFO [main] org.eclipse.jetty.server.Server [Server.java : 384] -- jetty-11.0.15; built: 2023-04-11T18:37:53.775Z; git: 5bc5e562c8d05c5862505aebe5cf83a61bdbcb96; jvm 17.0.9+8-LTS
2024-05-16 23:04:01,335 INFO [main] o.e.j.s.s.DefaultSessionIdManager [DefaultSessionIdManager.java : 332] -- Session workerName=node0
2024-05-16 23:04:01,359 INFO [main] o.e.j.server.handler.ContextHandler [ContextHandler.java : 907] -- Started o.e.j.s.ServletContextHandler@eda25e5{/,file:///C:/Users/Duki2/AppData/Local/Temp/,AVAILABLE}
2024-05-16 23:04:01,383 INFO [main] o.e.jetty.server.AbstractConnector [AbstractConnector.java : 376] -- Started ServerConnector@41709512{HTTP/1.1, (http/1.1)}{0.0.0.0:8085}
2024-05-16 23:04:01,399 INFO [main] o.e.jetty.server.AbstractConnector [AbstractConnector.java : 376] -- Started ServerConnector@6e950bcf{HTTP/1.1, (http/1.1)}{0.0.0.0:59011}
2024-05-16 23:04:01,399 INFO [main] org.eclipse.jetty.server.Server [Server.java : 439] -- Started Server@56928307{STARTING}[11.0.15,sto=0] @900ms
2024-05-16 23:04:04,490 WARN [qtp1611832218-35] o.eclipse.jetty.server.HttpChannel [HttpChannel.java : 806] -- /add_project
java.util.IllegalFormatConversionException: d != java.lang.String
	at java.base/java.util.Formatter$FormatSpecifier.failConversion(Formatter.java:4442)
	at java.base/java.util.Formatter$FormatSpecifier.printInteger(Formatter.java:2963)
	at java.base/java.util.Formatter$FormatSpecifier.print(Formatter.java:2918)
	at java.base/java.util.Formatter.format(Formatter.java:2689)
	at java.base/java.util.Formatter.format(Formatter.java:2625)
	at java.base/java.lang.String.format(String.java:4145)
	at pe.edu.utp.service.ProyectoService.getComboClientes(ProyectoService.java:111)
	at pe.edu.utp.business.RegistroProyectos.getHtmlAddProject(RegistroProyectos.java:104)
	at pe.edu.utp.servlets.ComboClientes.doGet(ComboClientes.java:17)
	at jakarta.servlet.http.HttpServlet.service(HttpServlet.java:500)
	at jakarta.servlet.http.HttpServlet.service(HttpServlet.java:587)
	at org.eclipse.jetty.servlet.ServletHolder.handle(ServletHolder.java:764)
	at org.eclipse.jetty.servlet.ServletHandler$ChainEnd.doFilter(ServletHandler.java:1665)
	at org.eclipse.jetty.servlet.ServletHandler.doHandle(ServletHandler.java:527)
	at org.eclipse.jetty.server.handler.ScopedHandler.nextHandle(ScopedHandler.java:221)
	at org.eclipse.jetty.server.session.SessionHandler.doHandle(SessionHandler.java:1570)
	at org.eclipse.jetty.server.handler.ScopedHandler.nextHandle(ScopedHandler.java:221)
	at org.eclipse.jetty.server.handler.ContextHandler.doHandle(ContextHandler.java:1381)
	at org.eclipse.jetty.server.handler.ScopedHandler.nextScope(ScopedHandler.java:176)
	at org.eclipse.jetty.servlet.ServletHandler.doScope(ServletHandler.java:484)
	at org.eclipse.jetty.server.session.SessionHandler.doScope(SessionHandler.java:1543)
	at org.eclipse.jetty.server.handler.ScopedHandler.nextScope(ScopedHandler.java:174)
	at org.eclipse.jetty.server.handler.ContextHandler.doScope(ContextHandler.java:1303)
	at org.eclipse.jetty.server.handler.ScopedHandler.handle(ScopedHandler.java:129)
	at org.eclipse.jetty.server.handler.HandlerWrapper.handle(HandlerWrapper.java:122)
	at org.eclipse.jetty.server.Server.handle(Server.java:563)
	at org.eclipse.jetty.server.HttpChannel.lambda$handle$0(HttpChannel.java:505)
	at org.eclipse.jetty.server.HttpChannel.dispatch(HttpChannel.java:762)
	at org.eclipse.jetty.server.HttpChannel.handle(HttpChannel.java:497)
	at org.eclipse.jetty.server.HttpConnection.onFillable(HttpConnection.java:282)
	at org.eclipse.jetty.io.AbstractConnection$ReadCallback.succeeded(AbstractConnection.java:314)
	at org.eclipse.jetty.io.FillInterest.fillable(FillInterest.java:100)
	at org.eclipse.jetty.io.SelectableChannelEndPoint$1.run(SelectableChannelEndPoint.java:53)
	at org.eclipse.jetty.util.thread.QueuedThreadPool.runJob(QueuedThreadPool.java:969)
	at org.eclipse.jetty.util.thread.QueuedThreadPool$Runner.doRunJob(QueuedThreadPool.java:1194)
	at org.eclipse.jetty.util.thread.QueuedThreadPool$Runner.run(QueuedThreadPool.java:1149)
	at java.base/java.lang.Thread.run(Thread.java:840)
2024-05-16 23:04:18,395 WARN [qtp1611832218-20] o.eclipse.jetty.server.HttpChannel [HttpChannel.java : 806] -- /add_project
java.util.IllegalFormatConversionException: d != java.lang.String
	at java.base/java.util.Formatter$FormatSpecifier.failConversion(Formatter.java:4442)
	at java.base/java.util.Formatter$FormatSpecifier.printInteger(Formatter.java:2963)
	at java.base/java.util.Formatter$FormatSpecifier.print(Formatter.java:2918)
	at java.base/java.util.Formatter.format(Formatter.java:2689)
	at java.base/java.util.Formatter.format(Formatter.java:2625)
	at java.base/java.lang.String.format(String.java:4145)
	at pe.edu.utp.service.ProyectoService.getComboClientes(ProyectoService.java:111)
	at pe.edu.utp.business.RegistroProyectos.getHtmlAddProject(RegistroProyectos.java:104)
	at pe.edu.utp.servlets.ComboClientes.doGet(ComboClientes.java:17)
	at jakarta.servlet.http.HttpServlet.service(HttpServlet.java:500)
	at jakarta.servlet.http.HttpServlet.service(HttpServlet.java:587)
	at org.eclipse.jetty.servlet.ServletHolder.handle(ServletHolder.java:764)
	at org.eclipse.jetty.servlet.ServletHandler$ChainEnd.doFilter(ServletHandler.java:1665)
	at org.eclipse.jetty.servlet.ServletHandler.doHandle(ServletHandler.java:527)
	at org.eclipse.jetty.server.handler.ScopedHandler.nextHandle(ScopedHandler.java:221)
	at org.eclipse.jetty.server.session.SessionHandler.doHandle(SessionHandler.java:1570)
	at org.eclipse.jetty.server.handler.ScopedHandler.nextHandle(ScopedHandler.java:221)
	at org.eclipse.jetty.server.handler.ContextHandler.doHandle(ContextHandler.java:1381)
	at org.eclipse.jetty.server.handler.ScopedHandler.nextScope(ScopedHandler.java:176)
	at org.eclipse.jetty.servlet.ServletHandler.doScope(ServletHandler.java:484)
	at org.eclipse.jetty.server.session.SessionHandler.doScope(SessionHandler.java:1543)
	at org.eclipse.jetty.server.handler.ScopedHandler.nextScope(ScopedHandler.java:174)
	at org.eclipse.jetty.server.handler.ContextHandler.doScope(ContextHandler.java:1303)
	at org.eclipse.jetty.server.handler.ScopedHandler.handle(ScopedHandler.java:129)
	at org.eclipse.jetty.server.handler.HandlerWrapper.handle(HandlerWrapper.java:122)
	at org.eclipse.jetty.server.Server.handle(Server.java:563)
	at org.eclipse.jetty.server.HttpChannel.lambda$handle$0(HttpChannel.java:505)
	at org.eclipse.jetty.server.HttpChannel.dispatch(HttpChannel.java:762)
	at org.eclipse.jetty.server.HttpChannel.handle(HttpChannel.java:497)
	at org.eclipse.jetty.server.HttpConnection.onFillable(HttpConnection.java:282)
	at org.eclipse.jetty.io.AbstractConnection$ReadCallback.succeeded(AbstractConnection.java:314)
	at org.eclipse.jetty.io.FillInterest.fillable(FillInterest.java:100)
	at org.eclipse.jetty.io.SelectableChannelEndPoint$1.run(SelectableChannelEndPoint.java:53)
	at org.eclipse.jetty.util.thread.strategy.AdaptiveExecutionStrategy.runTask(AdaptiveExecutionStrategy.java:416)
	at org.eclipse.jetty.util.thread.strategy.AdaptiveExecutionStrategy.consumeTask(AdaptiveExecutionStrategy.java:385)
	at org.eclipse.jetty.util.thread.strategy.AdaptiveExecutionStrategy.tryProduce(AdaptiveExecutionStrategy.java:272)
	at org.eclipse.jetty.util.thread.strategy.AdaptiveExecutionStrategy.produce(AdaptiveExecutionStrategy.java:194)
	at org.eclipse.jetty.util.thread.QueuedThreadPool.runJob(QueuedThreadPool.java:969)
	at org.eclipse.jetty.util.thread.QueuedThreadPool$Runner.doRunJob(QueuedThreadPool.java:1194)
	at org.eclipse.jetty.util.thread.QueuedThreadPool$Runner.run(QueuedThreadPool.java:1149)
	at java.base/java.lang.Thread.run(Thread.java:840)
2024-05-16 23:04:18,968 WARN [qtp1611832218-21] o.eclipse.jetty.server.HttpChannel [HttpChannel.java : 806] -- /add_project
java.util.IllegalFormatConversionException: d != java.lang.String
	at java.base/java.util.Formatter$FormatSpecifier.failConversion(Formatter.java:4442)
	at java.base/java.util.Formatter$FormatSpecifier.printInteger(Formatter.java:2963)
	at java.base/java.util.Formatter$FormatSpecifier.print(Formatter.java:2918)
	at java.base/java.util.Formatter.format(Formatter.java:2689)
	at java.base/java.util.Formatter.format(Formatter.java:2625)
	at java.base/java.lang.String.format(String.java:4145)
	at pe.edu.utp.service.ProyectoService.getComboClientes(ProyectoService.java:111)
	at pe.edu.utp.business.RegistroProyectos.getHtmlAddProject(RegistroProyectos.java:104)
	at pe.edu.utp.servlets.ComboClientes.doGet(ComboClientes.java:17)
	at jakarta.servlet.http.HttpServlet.service(HttpServlet.java:500)
	at jakarta.servlet.http.HttpServlet.service(HttpServlet.java:587)
	at org.eclipse.jetty.servlet.ServletHolder.handle(ServletHolder.java:764)
	at org.eclipse.jetty.servlet.ServletHandler$ChainEnd.doFilter(ServletHandler.java:1665)
	at org.eclipse.jetty.servlet.ServletHandler.doHandle(ServletHandler.java:527)
	at org.eclipse.jetty.server.handler.ScopedHandler.nextHandle(ScopedHandler.java:221)
	at org.eclipse.jetty.server.session.SessionHandler.doHandle(SessionHandler.java:1570)
	at org.eclipse.jetty.server.handler.ScopedHandler.nextHandle(ScopedHandler.java:221)
	at org.eclipse.jetty.server.handler.ContextHandler.doHandle(ContextHandler.java:1381)
	at org.eclipse.jetty.server.handler.ScopedHandler.nextScope(ScopedHandler.java:176)
	at org.eclipse.jetty.servlet.ServletHandler.doScope(ServletHandler.java:484)
	at org.eclipse.jetty.server.session.SessionHandler.doScope(SessionHandler.java:1543)
	at org.eclipse.jetty.server.handler.ScopedHandler.nextScope(ScopedHandler.java:174)
	at org.eclipse.jetty.server.handler.ContextHandler.doScope(ContextHandler.java:1303)
	at org.eclipse.jetty.server.handler.ScopedHandler.handle(ScopedHandler.java:129)
	at org.eclipse.jetty.server.handler.HandlerWrapper.handle(HandlerWrapper.java:122)
	at org.eclipse.jetty.server.Server.handle(Server.java:563)
	at org.eclipse.jetty.server.HttpChannel.lambda$handle$0(HttpChannel.java:505)
	at org.eclipse.jetty.server.HttpChannel.dispatch(HttpChannel.java:762)
	at org.eclipse.jetty.server.HttpChannel.handle(HttpChannel.java:497)
	at org.eclipse.jetty.server.HttpConnection.onFillable(HttpConnection.java:282)
	at org.eclipse.jetty.io.AbstractConnection$ReadCallback.succeeded(AbstractConnection.java:314)
	at org.eclipse.jetty.io.FillInterest.fillable(FillInterest.java:100)
	at org.eclipse.jetty.io.SelectableChannelEndPoint$1.run(SelectableChannelEndPoint.java:53)
	at org.eclipse.jetty.util.thread.strategy.AdaptiveExecutionStrategy.runTask(AdaptiveExecutionStrategy.java:416)
	at org.eclipse.jetty.util.thread.strategy.AdaptiveExecutionStrategy.consumeTask(AdaptiveExecutionStrategy.java:385)
	at org.eclipse.jetty.util.thread.strategy.AdaptiveExecutionStrategy.tryProduce(AdaptiveExecutionStrategy.java:272)
	at org.eclipse.jetty.util.thread.strategy.AdaptiveExecutionStrategy.produce(AdaptiveExecutionStrategy.java:194)
	at org.eclipse.jetty.util.thread.QueuedThreadPool.runJob(QueuedThreadPool.java:969)
	at org.eclipse.jetty.util.thread.QueuedThreadPool$Runner.doRunJob(QueuedThreadPool.java:1194)
	at org.eclipse.jetty.util.thread.QueuedThreadPool$Runner.run(QueuedThreadPool.java:1149)
	at java.base/java.lang.Thread.run(Thread.java:840)
2024-05-16 23:04:19,134 WARN [qtp1611832218-22] o.eclipse.jetty.server.HttpChannel [HttpChannel.java : 806] -- /add_project
java.util.IllegalFormatConversionException: d != java.lang.String
	at java.base/java.util.Formatter$FormatSpecifier.failConversion(Formatter.java:4442)
	at java.base/java.util.Formatter$FormatSpecifier.printInteger(Formatter.java:2963)
	at java.base/java.util.Formatter$FormatSpecifier.print(Formatter.java:2918)
	at java.base/java.util.Formatter.format(Formatter.java:2689)
	at java.base/java.util.Formatter.format(Formatter.java:2625)
	at java.base/java.lang.String.format(String.java:4145)
	at pe.edu.utp.service.ProyectoService.getComboClientes(ProyectoService.java:111)
	at pe.edu.utp.business.RegistroProyectos.getHtmlAddProject(RegistroProyectos.java:104)
	at pe.edu.utp.servlets.ComboClientes.doGet(ComboClientes.java:17)
	at jakarta.servlet.http.HttpServlet.service(HttpServlet.java:500)
	at jakarta.servlet.http.HttpServlet.service(HttpServlet.java:587)
	at org.eclipse.jetty.servlet.ServletHolder.handle(ServletHolder.java:764)
	at org.eclipse.jetty.servlet.ServletHandler$ChainEnd.doFilter(ServletHandler.java:1665)
	at org.eclipse.jetty.servlet.ServletHandler.doHandle(ServletHandler.java:527)
	at org.eclipse.jetty.server.handler.ScopedHandler.nextHandle(ScopedHandler.java:221)
	at org.eclipse.jetty.server.session.SessionHandler.doHandle(SessionHandler.java:1570)
	at org.eclipse.jetty.server.handler.ScopedHandler.nextHandle(ScopedHandler.java:221)
	at org.eclipse.jetty.server.handler.ContextHandler.doHandle(ContextHandler.java:1381)
	at org.eclipse.jetty.server.handler.ScopedHandler.nextScope(ScopedHandler.java:176)
	at org.eclipse.jetty.servlet.ServletHandler.doScope(ServletHandler.java:484)
	at org.eclipse.jetty.server.session.SessionHandler.doScope(SessionHandler.java:1543)
	at org.eclipse.jetty.server.handler.ScopedHandler.nextScope(ScopedHandler.java:174)
	at org.eclipse.jetty.server.handler.ContextHandler.doScope(ContextHandler.java:1303)
	at org.eclipse.jetty.server.handler.ScopedHandler.handle(ScopedHandler.java:129)
	at org.eclipse.jetty.server.handler.HandlerWrapper.handle(HandlerWrapper.java:122)
	at org.eclipse.jetty.server.Server.handle(Server.java:563)
	at org.eclipse.jetty.server.HttpChannel.lambda$handle$0(HttpChannel.java:505)
	at org.eclipse.jetty.server.HttpChannel.dispatch(HttpChannel.java:762)
	at org.eclipse.jetty.server.HttpChannel.handle(HttpChannel.java:497)
	at org.eclipse.jetty.server.HttpConnection.onFillable(HttpConnection.java:282)
	at org.eclipse.jetty.io.AbstractConnection$ReadCallback.succeeded(AbstractConnection.java:314)
	at org.eclipse.jetty.io.FillInterest.fillable(FillInterest.java:100)
	at org.eclipse.jetty.io.SelectableChannelEndPoint$1.run(SelectableChannelEndPoint.java:53)
	at org.eclipse.jetty.util.thread.strategy.AdaptiveExecutionStrategy.runTask(AdaptiveExecutionStrategy.java:416)
	at org.eclipse.jetty.util.thread.strategy.AdaptiveExecutionStrategy.consumeTask(AdaptiveExecutionStrategy.java:385)
	at org.eclipse.jetty.util.thread.strategy.AdaptiveExecutionStrategy.tryProduce(AdaptiveExecutionStrategy.java:272)
	at org.eclipse.jetty.util.thread.strategy.AdaptiveExecutionStrategy.produce(AdaptiveExecutionStrategy.java:194)
	at org.eclipse.jetty.util.thread.QueuedThreadPool.runJob(QueuedThreadPool.java:969)
	at org.eclipse.jetty.util.thread.QueuedThreadPool$Runner.doRunJob(QueuedThreadPool.java:1194)
	at org.eclipse.jetty.util.thread.QueuedThreadPool$Runner.run(QueuedThreadPool.java:1149)
	at java.base/java.lang.Thread.run(Thread.java:840)
2024-05-16 23:04:23,862 INFO [main] pe.edu.utp.App [App.java : 36] -- Init app...
2024-05-16 23:04:23,966 INFO [main] org.eclipse.jetty.server.Server [Server.java : 384] -- jetty-11.0.15; built: 2023-04-11T18:37:53.775Z; git: 5bc5e562c8d05c5862505aebe5cf83a61bdbcb96; jvm 17.0.9+8-LTS
2024-05-16 23:04:24,011 INFO [main] o.e.j.s.s.DefaultSessionIdManager [DefaultSessionIdManager.java : 332] -- Session workerName=node0
2024-05-16 23:04:24,039 INFO [main] o.e.j.server.handler.ContextHandler [ContextHandler.java : 907] -- Started o.e.j.s.ServletContextHandler@eda25e5{/,file:///C:/Users/Duki2/AppData/Local/Temp/,AVAILABLE}
2024-05-16 23:04:24,064 INFO [main] o.e.jetty.server.AbstractConnector [AbstractConnector.java : 376] -- Started ServerConnector@41709512{HTTP/1.1, (http/1.1)}{0.0.0.0:8085}
2024-05-16 23:04:24,084 INFO [main] o.e.jetty.server.AbstractConnector [AbstractConnector.java : 376] -- Started ServerConnector@6e950bcf{HTTP/1.1, (http/1.1)}{0.0.0.0:59033}
2024-05-16 23:04:24,084 INFO [main] org.eclipse.jetty.server.Server [Server.java : 439] -- Started Server@56928307{STARTING}[11.0.15,sto=0] @925ms
2024-05-16 23:05:00,495 WARN [qtp1611832218-22] o.eclipse.jetty.server.HttpChannel [HttpChannel.java : 806] -- /register_proyectos
java.lang.NumberFormatException: For input string: "<option value="
	at java.base/java.lang.NumberFormatException.forInputString(NumberFormatException.java:67)
	at java.base/java.lang.Integer.parseInt(Integer.java:668)
	at java.base/java.lang.Integer.parseInt(Integer.java:786)
	at pe.edu.utp.servlets.RegistroProyectoServlet.doPost(RegistroProyectoServlet.java:41)
	at jakarta.servlet.http.HttpServlet.service(HttpServlet.java:520)
	at jakarta.servlet.http.HttpServlet.service(HttpServlet.java:587)
	at org.eclipse.jetty.servlet.ServletHolder.handle(ServletHolder.java:764)
	at org.eclipse.jetty.servlet.ServletHandler$ChainEnd.doFilter(ServletHandler.java:1665)
	at org.eclipse.jetty.servlet.ServletHandler.doHandle(ServletHandler.java:527)
	at org.eclipse.jetty.server.handler.ScopedHandler.nextHandle(ScopedHandler.java:221)
	at org.eclipse.jetty.server.session.SessionHandler.doHandle(SessionHandler.java:1570)
	at org.eclipse.jetty.server.handler.ScopedHandler.nextHandle(ScopedHandler.java:221)
	at org.eclipse.jetty.server.handler.ContextHandler.doHandle(ContextHandler.java:1381)
	at org.eclipse.jetty.server.handler.ScopedHandler.nextScope(ScopedHandler.java:176)
	at org.eclipse.jetty.servlet.ServletHandler.doScope(ServletHandler.java:484)
	at org.eclipse.jetty.server.session.SessionHandler.doScope(SessionHandler.java:1543)
	at org.eclipse.jetty.server.handler.ScopedHandler.nextScope(ScopedHandler.java:174)
	at org.eclipse.jetty.server.handler.ContextHandler.doScope(ContextHandler.java:1303)
	at org.eclipse.jetty.server.handler.ScopedHandler.handle(ScopedHandler.java:129)
	at org.eclipse.jetty.server.handler.HandlerWrapper.handle(HandlerWrapper.java:122)
	at org.eclipse.jetty.server.Server.handle(Server.java:563)
	at org.eclipse.jetty.server.HttpChannel.lambda$handle$0(HttpChannel.java:505)
	at org.eclipse.jetty.server.HttpChannel.dispatch(HttpChannel.java:762)
	at org.eclipse.jetty.server.HttpChannel.handle(HttpChannel.java:497)
	at org.eclipse.jetty.server.HttpConnection.onFillable(HttpConnection.java:282)
	at org.eclipse.jetty.io.AbstractConnection$ReadCallback.succeeded(AbstractConnection.java:314)
	at org.eclipse.jetty.io.FillInterest.fillable(FillInterest.java:100)
	at org.eclipse.jetty.io.SelectableChannelEndPoint$1.run(SelectableChannelEndPoint.java:53)
	at org.eclipse.jetty.util.thread.strategy.AdaptiveExecutionStrategy.runTask(AdaptiveExecutionStrategy.java:416)
	at org.eclipse.jetty.util.thread.strategy.AdaptiveExecutionStrategy.consumeTask(AdaptiveExecutionStrategy.java:385)
	at org.eclipse.jetty.util.thread.strategy.AdaptiveExecutionStrategy.tryProduce(AdaptiveExecutionStrategy.java:272)
	at org.eclipse.jetty.util.thread.strategy.AdaptiveExecutionStrategy.produce(AdaptiveExecutionStrategy.java:194)
	at org.eclipse.jetty.util.thread.QueuedThreadPool.runJob(QueuedThreadPool.java:969)
	at org.eclipse.jetty.util.thread.QueuedThreadPool$Runner.doRunJob(QueuedThreadPool.java:1194)
	at org.eclipse.jetty.util.thread.QueuedThreadPool$Runner.run(QueuedThreadPool.java:1149)
	at java.base/java.lang.Thread.run(Thread.java:840)
2024-05-16 23:11:38,270 INFO [main] pe.edu.utp.App [App.java : 36] -- Init app...
2024-05-16 23:11:38,372 INFO [main] org.eclipse.jetty.server.Server [Server.java : 384] -- jetty-11.0.15; built: 2023-04-11T18:37:53.775Z; git: 5bc5e562c8d05c5862505aebe5cf83a61bdbcb96; jvm 17.0.9+8-LTS
2024-05-16 23:11:38,411 INFO [main] o.e.j.s.s.DefaultSessionIdManager [DefaultSessionIdManager.java : 332] -- Session workerName=node0
2024-05-16 23:11:38,441 INFO [main] o.e.j.server.handler.ContextHandler [ContextHandler.java : 907] -- Started o.e.j.s.ServletContextHandler@eda25e5{/,file:///C:/Users/Duki2/AppData/Local/Temp/,AVAILABLE}
2024-05-16 23:11:38,464 INFO [main] o.e.jetty.server.AbstractConnector [AbstractConnector.java : 376] -- Started ServerConnector@41709512{HTTP/1.1, (http/1.1)}{0.0.0.0:8085}
2024-05-16 23:11:38,479 INFO [main] o.e.jetty.server.AbstractConnector [AbstractConnector.java : 376] -- Started ServerConnector@6e950bcf{HTTP/1.1, (http/1.1)}{0.0.0.0:59081}
2024-05-16 23:11:38,479 INFO [main] org.eclipse.jetty.server.Server [Server.java : 439] -- Started Server@56928307{STARTING}[11.0.15,sto=0] @890ms
2024-05-16 23:12:11,436 WARN [qtp1611832218-35] o.eclipse.jetty.server.HttpChannel [HttpChannel.java : 806] -- /register_proyectos
java.lang.NumberFormatException: For input string: "<option value="
	at java.base/java.lang.NumberFormatException.forInputString(NumberFormatException.java:67)
	at java.base/java.lang.Integer.parseInt(Integer.java:668)
	at java.base/java.lang.Integer.parseInt(Integer.java:786)
	at pe.edu.utp.servlets.RegistroProyectoServlet.doPost(RegistroProyectoServlet.java:41)
	at jakarta.servlet.http.HttpServlet.service(HttpServlet.java:520)
	at jakarta.servlet.http.HttpServlet.service(HttpServlet.java:587)
	at org.eclipse.jetty.servlet.ServletHolder.handle(ServletHolder.java:764)
	at org.eclipse.jetty.servlet.ServletHandler$ChainEnd.doFilter(ServletHandler.java:1665)
	at org.eclipse.jetty.servlet.ServletHandler.doHandle(ServletHandler.java:527)
	at org.eclipse.jetty.server.handler.ScopedHandler.nextHandle(ScopedHandler.java:221)
	at org.eclipse.jetty.server.session.SessionHandler.doHandle(SessionHandler.java:1570)
	at org.eclipse.jetty.server.handler.ScopedHandler.nextHandle(ScopedHandler.java:221)
	at org.eclipse.jetty.server.handler.ContextHandler.doHandle(ContextHandler.java:1381)
	at org.eclipse.jetty.server.handler.ScopedHandler.nextScope(ScopedHandler.java:176)
	at org.eclipse.jetty.servlet.ServletHandler.doScope(ServletHandler.java:484)
	at org.eclipse.jetty.server.session.SessionHandler.doScope(SessionHandler.java:1543)
	at org.eclipse.jetty.server.handler.ScopedHandler.nextScope(ScopedHandler.java:174)
	at org.eclipse.jetty.server.handler.ContextHandler.doScope(ContextHandler.java:1303)
	at org.eclipse.jetty.server.handler.ScopedHandler.handle(ScopedHandler.java:129)
	at org.eclipse.jetty.server.handler.HandlerWrapper.handle(HandlerWrapper.java:122)
	at org.eclipse.jetty.server.Server.handle(Server.java:563)
	at org.eclipse.jetty.server.HttpChannel.lambda$handle$0(HttpChannel.java:505)
	at org.eclipse.jetty.server.HttpChannel.dispatch(HttpChannel.java:762)
	at org.eclipse.jetty.server.HttpChannel.handle(HttpChannel.java:497)
	at org.eclipse.jetty.server.HttpConnection.onFillable(HttpConnection.java:282)
	at org.eclipse.jetty.io.AbstractConnection$ReadCallback.succeeded(AbstractConnection.java:314)
	at org.eclipse.jetty.io.FillInterest.fillable(FillInterest.java:100)
	at org.eclipse.jetty.io.SelectableChannelEndPoint$1.run(SelectableChannelEndPoint.java:53)
	at org.eclipse.jetty.util.thread.strategy.AdaptiveExecutionStrategy.runTask(AdaptiveExecutionStrategy.java:416)
	at org.eclipse.jetty.util.thread.strategy.AdaptiveExecutionStrategy.consumeTask(AdaptiveExecutionStrategy.java:385)
	at org.eclipse.jetty.util.thread.strategy.AdaptiveExecutionStrategy.tryProduce(AdaptiveExecutionStrategy.java:272)
	at org.eclipse.jetty.util.thread.strategy.AdaptiveExecutionStrategy.lambda$new$0(AdaptiveExecutionStrategy.java:140)
	at org.eclipse.jetty.util.thread.ReservedThreadExecutor$ReservedThread.run(ReservedThreadExecutor.java:411)
	at org.eclipse.jetty.util.thread.QueuedThreadPool.runJob(QueuedThreadPool.java:969)
	at org.eclipse.jetty.util.thread.QueuedThreadPool$Runner.doRunJob(QueuedThreadPool.java:1194)
	at org.eclipse.jetty.util.thread.QueuedThreadPool$Runner.run(QueuedThreadPool.java:1149)
	at java.base/java.lang.Thread.run(Thread.java:840)
2024-05-16 23:14:09,699 INFO [main] pe.edu.utp.App [App.java : 36] -- Init app...
2024-05-16 23:14:09,802 INFO [main] org.eclipse.jetty.server.Server [Server.java : 384] -- jetty-11.0.15; built: 2023-04-11T18:37:53.775Z; git: 5bc5e562c8d05c5862505aebe5cf83a61bdbcb96; jvm 17.0.9+8-LTS
2024-05-16 23:14:09,842 INFO [main] o.e.j.s.s.DefaultSessionIdManager [DefaultSessionIdManager.java : 332] -- Session workerName=node0
2024-05-16 23:14:09,867 INFO [main] o.e.j.server.handler.ContextHandler [ContextHandler.java : 907] -- Started o.e.j.s.ServletContextHandler@eda25e5{/,file:///C:/Users/Duki2/AppData/Local/Temp/,AVAILABLE}
2024-05-16 23:14:09,892 INFO [main] o.e.jetty.server.AbstractConnector [AbstractConnector.java : 376] -- Started ServerConnector@41709512{HTTP/1.1, (http/1.1)}{0.0.0.0:8085}
2024-05-16 23:14:09,907 INFO [main] o.e.jetty.server.AbstractConnector [AbstractConnector.java : 376] -- Started ServerConnector@6e950bcf{HTTP/1.1, (http/1.1)}{0.0.0.0:59116}
2024-05-16 23:14:09,907 INFO [main] org.eclipse.jetty.server.Server [Server.java : 439] -- Started Server@56928307{STARTING}[11.0.15,sto=0] @1003ms
2024-05-16 23:16:28,572 WARN [qtp1611832218-20] o.eclipse.jetty.server.HttpChannel [HttpChannel.java : 800] -- handleException /register_cliente
java.io.FileNotFoundException: src\main\resources\web\listar_clientes (El sistema no puede encontrar el archivo especificado)
	at java.base/java.io.FileInputStream.open0(Native Method)
	at java.base/java.io.FileInputStream.open(FileInputStream.java:216)
	at java.base/java.io.FileInputStream.<init>(FileInputStream.java:157)
	at java.base/java.io.FileInputStream.<init>(FileInputStream.java:111)
	at pe.edu.utp.utils.TextUTP.read(TextUTP.java:12)
	at pe.edu.utp.servlets.RegistroClienteServlet.doPost(RegistroClienteServlet.java:41)
	at jakarta.servlet.http.HttpServlet.service(HttpServlet.java:520)
	at jakarta.servlet.http.HttpServlet.service(HttpServlet.java:587)
	at org.eclipse.jetty.servlet.ServletHolder.handle(ServletHolder.java:764)
	at org.eclipse.jetty.servlet.ServletHandler$ChainEnd.doFilter(ServletHandler.java:1665)
	at org.eclipse.jetty.servlet.ServletHandler.doHandle(ServletHandler.java:527)
	at org.eclipse.jetty.server.handler.ScopedHandler.nextHandle(ScopedHandler.java:221)
	at org.eclipse.jetty.server.session.SessionHandler.doHandle(SessionHandler.java:1570)
	at org.eclipse.jetty.server.handler.ScopedHandler.nextHandle(ScopedHandler.java:221)
	at org.eclipse.jetty.server.handler.ContextHandler.doHandle(ContextHandler.java:1381)
	at org.eclipse.jetty.server.handler.ScopedHandler.nextScope(ScopedHandler.java:176)
	at org.eclipse.jetty.servlet.ServletHandler.doScope(ServletHandler.java:484)
	at org.eclipse.jetty.server.session.SessionHandler.doScope(SessionHandler.java:1543)
	at org.eclipse.jetty.server.handler.ScopedHandler.nextScope(ScopedHandler.java:174)
	at org.eclipse.jetty.server.handler.ContextHandler.doScope(ContextHandler.java:1303)
	at org.eclipse.jetty.server.handler.ScopedHandler.handle(ScopedHandler.java:129)
	at org.eclipse.jetty.server.handler.HandlerWrapper.handle(HandlerWrapper.java:122)
	at org.eclipse.jetty.server.Server.handle(Server.java:563)
	at org.eclipse.jetty.server.HttpChannel.lambda$handle$0(HttpChannel.java:505)
	at org.eclipse.jetty.server.HttpChannel.dispatch(HttpChannel.java:762)
	at org.eclipse.jetty.server.HttpChannel.handle(HttpChannel.java:497)
	at org.eclipse.jetty.server.HttpConnection.onFillable(HttpConnection.java:282)
	at org.eclipse.jetty.io.AbstractConnection$ReadCallback.succeeded(AbstractConnection.java:314)
	at org.eclipse.jetty.io.FillInterest.fillable(FillInterest.java:100)
	at org.eclipse.jetty.io.SelectableChannelEndPoint$1.run(SelectableChannelEndPoint.java:53)
	at org.eclipse.jetty.util.thread.strategy.AdaptiveExecutionStrategy.runTask(AdaptiveExecutionStrategy.java:416)
	at org.eclipse.jetty.util.thread.strategy.AdaptiveExecutionStrategy.consumeTask(AdaptiveExecutionStrategy.java:385)
	at org.eclipse.jetty.util.thread.strategy.AdaptiveExecutionStrategy.tryProduce(AdaptiveExecutionStrategy.java:272)
	at org.eclipse.jetty.util.thread.strategy.AdaptiveExecutionStrategy.lambda$new$0(AdaptiveExecutionStrategy.java:140)
	at org.eclipse.jetty.util.thread.ReservedThreadExecutor$ReservedThread.run(ReservedThreadExecutor.java:411)
	at org.eclipse.jetty.util.thread.QueuedThreadPool.runJob(QueuedThreadPool.java:969)
	at org.eclipse.jetty.util.thread.QueuedThreadPool$Runner.doRunJob(QueuedThreadPool.java:1194)
	at org.eclipse.jetty.util.thread.QueuedThreadPool$Runner.run(QueuedThreadPool.java:1149)
	at java.base/java.lang.Thread.run(Thread.java:840)
2024-05-16 23:17:06,750 INFO [main] pe.edu.utp.App [App.java : 36] -- Init app...
2024-05-16 23:17:06,875 INFO [main] org.eclipse.jetty.server.Server [Server.java : 384] -- jetty-11.0.15; built: 2023-04-11T18:37:53.775Z; git: 5bc5e562c8d05c5862505aebe5cf83a61bdbcb96; jvm 17.0.9+8-LTS
2024-05-16 23:17:06,905 INFO [main] o.e.j.s.s.DefaultSessionIdManager [DefaultSessionIdManager.java : 332] -- Session workerName=node0
2024-05-16 23:17:06,936 INFO [main] o.e.j.server.handler.ContextHandler [ContextHandler.java : 907] -- Started o.e.j.s.ServletContextHandler@eda25e5{/,file:///C:/Users/Duki2/AppData/Local/Temp/,AVAILABLE}
2024-05-16 23:17:06,968 INFO [main] o.e.jetty.server.AbstractConnector [AbstractConnector.java : 376] -- Started ServerConnector@41709512{HTTP/1.1, (http/1.1)}{0.0.0.0:8085}
2024-05-16 23:17:06,984 INFO [main] o.e.jetty.server.AbstractConnector [AbstractConnector.java : 376] -- Started ServerConnector@6e950bcf{HTTP/1.1, (http/1.1)}{0.0.0.0:59162}
2024-05-16 23:17:06,984 INFO [main] org.eclipse.jetty.server.Server [Server.java : 439] -- Started Server@56928307{STARTING}[11.0.15,sto=0] @949ms
2024-05-16 23:20:47,475 WARN [qtp1611832218-20] o.eclipse.jetty.server.HttpChannel [HttpChannel.java : 800] -- handleException /register_cliente
java.io.FileNotFoundException: src\main\resources\web\listar_clientes (El sistema no puede encontrar el archivo especificado)
	at java.base/java.io.FileInputStream.open0(Native Method)
	at java.base/java.io.FileInputStream.open(FileInputStream.java:216)
	at java.base/java.io.FileInputStream.<init>(FileInputStream.java:157)
	at java.base/java.io.FileInputStream.<init>(FileInputStream.java:111)
	at pe.edu.utp.utils.TextUTP.read(TextUTP.java:12)
	at pe.edu.utp.servlets.RegistroClienteServlet.doPost(RegistroClienteServlet.java:41)
	at jakarta.servlet.http.HttpServlet.service(HttpServlet.java:520)
	at jakarta.servlet.http.HttpServlet.service(HttpServlet.java:587)
	at org.eclipse.jetty.servlet.ServletHolder.handle(ServletHolder.java:764)
	at org.eclipse.jetty.servlet.ServletHandler$ChainEnd.doFilter(ServletHandler.java:1665)
	at org.eclipse.jetty.servlet.ServletHandler.doHandle(ServletHandler.java:527)
	at org.eclipse.jetty.server.handler.ScopedHandler.nextHandle(ScopedHandler.java:221)
	at org.eclipse.jetty.server.session.SessionHandler.doHandle(SessionHandler.java:1570)
	at org.eclipse.jetty.server.handler.ScopedHandler.nextHandle(ScopedHandler.java:221)
	at org.eclipse.jetty.server.handler.ContextHandler.doHandle(ContextHandler.java:1381)
	at org.eclipse.jetty.server.handler.ScopedHandler.nextScope(ScopedHandler.java:176)
	at org.eclipse.jetty.servlet.ServletHandler.doScope(ServletHandler.java:484)
	at org.eclipse.jetty.server.session.SessionHandler.doScope(SessionHandler.java:1543)
	at org.eclipse.jetty.server.handler.ScopedHandler.nextScope(ScopedHandler.java:174)
	at org.eclipse.jetty.server.handler.ContextHandler.doScope(ContextHandler.java:1303)
	at org.eclipse.jetty.server.handler.ScopedHandler.handle(ScopedHandler.java:129)
	at org.eclipse.jetty.server.handler.HandlerWrapper.handle(HandlerWrapper.java:122)
	at org.eclipse.jetty.server.Server.handle(Server.java:563)
	at org.eclipse.jetty.server.HttpChannel.lambda$handle$0(HttpChannel.java:505)
	at org.eclipse.jetty.server.HttpChannel.dispatch(HttpChannel.java:762)
	at org.eclipse.jetty.server.HttpChannel.handle(HttpChannel.java:497)
	at org.eclipse.jetty.server.HttpConnection.onFillable(HttpConnection.java:282)
	at org.eclipse.jetty.io.AbstractConnection$ReadCallback.succeeded(AbstractConnection.java:314)
	at org.eclipse.jetty.io.FillInterest.fillable(FillInterest.java:100)
	at org.eclipse.jetty.io.SelectableChannelEndPoint$1.run(SelectableChannelEndPoint.java:53)
	at org.eclipse.jetty.util.thread.strategy.AdaptiveExecutionStrategy.runTask(AdaptiveExecutionStrategy.java:416)
	at org.eclipse.jetty.util.thread.strategy.AdaptiveExecutionStrategy.consumeTask(AdaptiveExecutionStrategy.java:385)
	at org.eclipse.jetty.util.thread.strategy.AdaptiveExecutionStrategy.tryProduce(AdaptiveExecutionStrategy.java:272)
	at org.eclipse.jetty.util.thread.strategy.AdaptiveExecutionStrategy.produce(AdaptiveExecutionStrategy.java:194)
	at org.eclipse.jetty.util.thread.QueuedThreadPool.runJob(QueuedThreadPool.java:969)
	at org.eclipse.jetty.util.thread.QueuedThreadPool$Runner.doRunJob(QueuedThreadPool.java:1194)
	at org.eclipse.jetty.util.thread.QueuedThreadPool$Runner.run(QueuedThreadPool.java:1149)
	at java.base/java.lang.Thread.run(Thread.java:840)
2024-05-16 23:21:21,268 WARN [qtp1611832218-17] o.eclipse.jetty.server.HttpChannel [HttpChannel.java : 800] -- handleException /register_cliente
java.io.FileNotFoundException: src\main\resources\web\listar_clientes (El sistema no puede encontrar el archivo especificado)
	at java.base/java.io.FileInputStream.open0(Native Method)
	at java.base/java.io.FileInputStream.open(FileInputStream.java:216)
	at java.base/java.io.FileInputStream.<init>(FileInputStream.java:157)
	at java.base/java.io.FileInputStream.<init>(FileInputStream.java:111)
	at pe.edu.utp.utils.TextUTP.read(TextUTP.java:12)
	at pe.edu.utp.servlets.RegistroClienteServlet.doPost(RegistroClienteServlet.java:41)
	at jakarta.servlet.http.HttpServlet.service(HttpServlet.java:520)
	at jakarta.servlet.http.HttpServlet.service(HttpServlet.java:587)
	at org.eclipse.jetty.servlet.ServletHolder.handle(ServletHolder.java:764)
	at org.eclipse.jetty.servlet.ServletHandler$ChainEnd.doFilter(ServletHandler.java:1665)
	at org.eclipse.jetty.servlet.ServletHandler.doHandle(ServletHandler.java:527)
	at org.eclipse.jetty.server.handler.ScopedHandler.nextHandle(ScopedHandler.java:221)
	at org.eclipse.jetty.server.session.SessionHandler.doHandle(SessionHandler.java:1570)
	at org.eclipse.jetty.server.handler.ScopedHandler.nextHandle(ScopedHandler.java:221)
	at org.eclipse.jetty.server.handler.ContextHandler.doHandle(ContextHandler.java:1381)
	at org.eclipse.jetty.server.handler.ScopedHandler.nextScope(ScopedHandler.java:176)
	at org.eclipse.jetty.servlet.ServletHandler.doScope(ServletHandler.java:484)
	at org.eclipse.jetty.server.session.SessionHandler.doScope(SessionHandler.java:1543)
	at org.eclipse.jetty.server.handler.ScopedHandler.nextScope(ScopedHandler.java:174)
	at org.eclipse.jetty.server.handler.ContextHandler.doScope(ContextHandler.java:1303)
	at org.eclipse.jetty.server.handler.ScopedHandler.handle(ScopedHandler.java:129)
	at org.eclipse.jetty.server.handler.HandlerWrapper.handle(HandlerWrapper.java:122)
	at org.eclipse.jetty.server.Server.handle(Server.java:563)
	at org.eclipse.jetty.server.HttpChannel.lambda$handle$0(HttpChannel.java:505)
	at org.eclipse.jetty.server.HttpChannel.dispatch(HttpChannel.java:762)
	at org.eclipse.jetty.server.HttpChannel.handle(HttpChannel.java:497)
	at org.eclipse.jetty.server.HttpConnection.onFillable(HttpConnection.java:282)
	at org.eclipse.jetty.io.AbstractConnection$ReadCallback.succeeded(AbstractConnection.java:314)
	at org.eclipse.jetty.io.FillInterest.fillable(FillInterest.java:100)
	at org.eclipse.jetty.io.SelectableChannelEndPoint$1.run(SelectableChannelEndPoint.java:53)
	at org.eclipse.jetty.util.thread.QueuedThreadPool.runJob(QueuedThreadPool.java:969)
	at org.eclipse.jetty.util.thread.QueuedThreadPool$Runner.doRunJob(QueuedThreadPool.java:1194)
	at org.eclipse.jetty.util.thread.QueuedThreadPool$Runner.run(QueuedThreadPool.java:1149)
	at java.base/java.lang.Thread.run(Thread.java:840)
2024-05-16 23:21:24,166 WARN [qtp1611832218-22] o.eclipse.jetty.server.HttpChannel [HttpChannel.java : 800] -- handleException /register_cliente
java.io.FileNotFoundException: src\main\resources\web\listar_clientes (El sistema no puede encontrar el archivo especificado)
	at java.base/java.io.FileInputStream.open0(Native Method)
	at java.base/java.io.FileInputStream.open(FileInputStream.java:216)
	at java.base/java.io.FileInputStream.<init>(FileInputStream.java:157)
	at java.base/java.io.FileInputStream.<init>(FileInputStream.java:111)
	at pe.edu.utp.utils.TextUTP.read(TextUTP.java:12)
	at pe.edu.utp.servlets.RegistroClienteServlet.doPost(RegistroClienteServlet.java:41)
	at jakarta.servlet.http.HttpServlet.service(HttpServlet.java:520)
	at jakarta.servlet.http.HttpServlet.service(HttpServlet.java:587)
	at org.eclipse.jetty.servlet.ServletHolder.handle(ServletHolder.java:764)
	at org.eclipse.jetty.servlet.ServletHandler$ChainEnd.doFilter(ServletHandler.java:1665)
	at org.eclipse.jetty.servlet.ServletHandler.doHandle(ServletHandler.java:527)
	at org.eclipse.jetty.server.handler.ScopedHandler.nextHandle(ScopedHandler.java:221)
	at org.eclipse.jetty.server.session.SessionHandler.doHandle(SessionHandler.java:1570)
	at org.eclipse.jetty.server.handler.ScopedHandler.nextHandle(ScopedHandler.java:221)
	at org.eclipse.jetty.server.handler.ContextHandler.doHandle(ContextHandler.java:1381)
	at org.eclipse.jetty.server.handler.ScopedHandler.nextScope(ScopedHandler.java:176)
	at org.eclipse.jetty.servlet.ServletHandler.doScope(ServletHandler.java:484)
	at org.eclipse.jetty.server.session.SessionHandler.doScope(SessionHandler.java:1543)
	at org.eclipse.jetty.server.handler.ScopedHandler.nextScope(ScopedHandler.java:174)
	at org.eclipse.jetty.server.handler.ContextHandler.doScope(ContextHandler.java:1303)
	at org.eclipse.jetty.server.handler.ScopedHandler.handle(ScopedHandler.java:129)
	at org.eclipse.jetty.server.handler.HandlerWrapper.handle(HandlerWrapper.java:122)
	at org.eclipse.jetty.server.Server.handle(Server.java:563)
	at org.eclipse.jetty.server.HttpChannel.lambda$handle$0(HttpChannel.java:505)
	at org.eclipse.jetty.server.HttpChannel.dispatch(HttpChannel.java:762)
	at org.eclipse.jetty.server.HttpChannel.handle(HttpChannel.java:497)
	at org.eclipse.jetty.server.HttpConnection.onFillable(HttpConnection.java:282)
	at org.eclipse.jetty.io.AbstractConnection$ReadCallback.succeeded(AbstractConnection.java:314)
	at org.eclipse.jetty.io.FillInterest.fillable(FillInterest.java:100)
	at org.eclipse.jetty.io.SelectableChannelEndPoint$1.run(SelectableChannelEndPoint.java:53)
	at org.eclipse.jetty.util.thread.strategy.AdaptiveExecutionStrategy.runTask(AdaptiveExecutionStrategy.java:416)
	at org.eclipse.jetty.util.thread.strategy.AdaptiveExecutionStrategy.consumeTask(AdaptiveExecutionStrategy.java:385)
	at org.eclipse.jetty.util.thread.strategy.AdaptiveExecutionStrategy.tryProduce(AdaptiveExecutionStrategy.java:272)
	at org.eclipse.jetty.util.thread.strategy.AdaptiveExecutionStrategy.produce(AdaptiveExecutionStrategy.java:194)
	at org.eclipse.jetty.util.thread.QueuedThreadPool.runJob(QueuedThreadPool.java:969)
	at org.eclipse.jetty.util.thread.QueuedThreadPool$Runner.doRunJob(QueuedThreadPool.java:1194)
	at org.eclipse.jetty.util.thread.QueuedThreadPool$Runner.run(QueuedThreadPool.java:1149)
	at java.base/java.lang.Thread.run(Thread.java:840)
2024-05-16 23:21:31,121 INFO [main] pe.edu.utp.App [App.java : 36] -- Init app...
2024-05-16 23:21:31,234 INFO [main] org.eclipse.jetty.server.Server [Server.java : 384] -- jetty-11.0.15; built: 2023-04-11T18:37:53.775Z; git: 5bc5e562c8d05c5862505aebe5cf83a61bdbcb96; jvm 17.0.9+8-LTS
2024-05-16 23:21:31,271 INFO [main] o.e.j.s.s.DefaultSessionIdManager [DefaultSessionIdManager.java : 332] -- Session workerName=node0
2024-05-16 23:21:31,297 INFO [main] o.e.j.server.handler.ContextHandler [ContextHandler.java : 907] -- Started o.e.j.s.ServletContextHandler@eda25e5{/,file:///C:/Users/Duki2/AppData/Local/Temp/,AVAILABLE}
2024-05-16 23:21:31,323 INFO [main] o.e.jetty.server.AbstractConnector [AbstractConnector.java : 376] -- Started ServerConnector@41709512{HTTP/1.1, (http/1.1)}{0.0.0.0:8085}
2024-05-16 23:21:31,341 INFO [main] o.e.jetty.server.AbstractConnector [AbstractConnector.java : 376] -- Started ServerConnector@6e950bcf{HTTP/1.1, (http/1.1)}{0.0.0.0:59267}
2024-05-16 23:21:31,342 INFO [main] org.eclipse.jetty.server.Server [Server.java : 439] -- Started Server@56928307{STARTING}[11.0.15,sto=0] @1044ms
2024-05-16 23:21:36,499 WARN [qtp1611832218-35] o.eclipse.jetty.server.HttpChannel [HttpChannel.java : 800] -- handleException /register_cliente
java.io.FileNotFoundException: src\main\resources\web\listar_clientes.html (El sistema no puede encontrar el archivo especificado)
	at java.base/java.io.FileInputStream.open0(Native Method)
	at java.base/java.io.FileInputStream.open(FileInputStream.java:216)
	at java.base/java.io.FileInputStream.<init>(FileInputStream.java:157)
	at java.base/java.io.FileInputStream.<init>(FileInputStream.java:111)
	at pe.edu.utp.utils.TextUTP.read(TextUTP.java:12)
	at pe.edu.utp.servlets.RegistroClienteServlet.doPost(RegistroClienteServlet.java:41)
	at jakarta.servlet.http.HttpServlet.service(HttpServlet.java:520)
	at jakarta.servlet.http.HttpServlet.service(HttpServlet.java:587)
	at org.eclipse.jetty.servlet.ServletHolder.handle(ServletHolder.java:764)
	at org.eclipse.jetty.servlet.ServletHandler$ChainEnd.doFilter(ServletHandler.java:1665)
	at org.eclipse.jetty.servlet.ServletHandler.doHandle(ServletHandler.java:527)
	at org.eclipse.jetty.server.handler.ScopedHandler.nextHandle(ScopedHandler.java:221)
	at org.eclipse.jetty.server.session.SessionHandler.doHandle(SessionHandler.java:1570)
	at org.eclipse.jetty.server.handler.ScopedHandler.nextHandle(ScopedHandler.java:221)
	at org.eclipse.jetty.server.handler.ContextHandler.doHandle(ContextHandler.java:1381)
	at org.eclipse.jetty.server.handler.ScopedHandler.nextScope(ScopedHandler.java:176)
	at org.eclipse.jetty.servlet.ServletHandler.doScope(ServletHandler.java:484)
	at org.eclipse.jetty.server.session.SessionHandler.doScope(SessionHandler.java:1543)
	at org.eclipse.jetty.server.handler.ScopedHandler.nextScope(ScopedHandler.java:174)
	at org.eclipse.jetty.server.handler.ContextHandler.doScope(ContextHandler.java:1303)
	at org.eclipse.jetty.server.handler.ScopedHandler.handle(ScopedHandler.java:129)
	at org.eclipse.jetty.server.handler.HandlerWrapper.handle(HandlerWrapper.java:122)
	at org.eclipse.jetty.server.Server.handle(Server.java:563)
	at org.eclipse.jetty.server.HttpChannel.lambda$handle$0(HttpChannel.java:505)
	at org.eclipse.jetty.server.HttpChannel.dispatch(HttpChannel.java:762)
	at org.eclipse.jetty.server.HttpChannel.handle(HttpChannel.java:497)
	at org.eclipse.jetty.server.HttpConnection.onFillable(HttpConnection.java:282)
	at org.eclipse.jetty.io.AbstractConnection$ReadCallback.succeeded(AbstractConnection.java:314)
	at org.eclipse.jetty.io.FillInterest.fillable(FillInterest.java:100)
	at org.eclipse.jetty.io.SelectableChannelEndPoint$1.run(SelectableChannelEndPoint.java:53)
	at org.eclipse.jetty.util.thread.QueuedThreadPool.runJob(QueuedThreadPool.java:969)
	at org.eclipse.jetty.util.thread.QueuedThreadPool$Runner.doRunJob(QueuedThreadPool.java:1194)
	at org.eclipse.jetty.util.thread.QueuedThreadPool$Runner.run(QueuedThreadPool.java:1149)
	at java.base/java.lang.Thread.run(Thread.java:840)
2024-05-16 23:23:17,765 INFO [main] pe.edu.utp.App [App.java : 36] -- Init app...
2024-05-16 23:23:17,906 INFO [main] org.eclipse.jetty.server.Server [Server.java : 384] -- jetty-11.0.15; built: 2023-04-11T18:37:53.775Z; git: 5bc5e562c8d05c5862505aebe5cf83a61bdbcb96; jvm 17.0.9+8-LTS
2024-05-16 23:23:17,969 INFO [main] o.e.j.s.s.DefaultSessionIdManager [DefaultSessionIdManager.java : 332] -- Session workerName=node0
2024-05-16 23:23:17,985 INFO [main] o.e.j.server.handler.ContextHandler [ContextHandler.java : 907] -- Started o.e.j.s.ServletContextHandler@eda25e5{/,file:///C:/Users/Duki2/AppData/Local/Temp/,AVAILABLE}
2024-05-16 23:23:18,032 INFO [main] o.e.jetty.server.AbstractConnector [AbstractConnector.java : 376] -- Started ServerConnector@41709512{HTTP/1.1, (http/1.1)}{0.0.0.0:8085}
2024-05-16 23:23:18,073 INFO [main] o.e.jetty.server.AbstractConnector [AbstractConnector.java : 376] -- Started ServerConnector@6e950bcf{HTTP/1.1, (http/1.1)}{0.0.0.0:59289}
2024-05-16 23:23:18,073 INFO [main] org.eclipse.jetty.server.Server [Server.java : 439] -- Started Server@56928307{STARTING}[11.0.15,sto=0] @1028ms
2024-05-16 23:25:26,002 INFO [main] pe.edu.utp.App [App.java : 36] -- Init app...
2024-05-16 23:25:26,118 INFO [main] org.eclipse.jetty.server.Server [Server.java : 384] -- jetty-11.0.15; built: 2023-04-11T18:37:53.775Z; git: 5bc5e562c8d05c5862505aebe5cf83a61bdbcb96; jvm 17.0.9+8-LTS
2024-05-16 23:25:26,144 INFO [main] o.e.j.s.s.DefaultSessionIdManager [DefaultSessionIdManager.java : 332] -- Session workerName=node0
2024-05-16 23:25:26,175 INFO [main] o.e.j.server.handler.ContextHandler [ContextHandler.java : 907] -- Started o.e.j.s.ServletContextHandler@eda25e5{/,file:///C:/Users/Duki2/AppData/Local/Temp/,AVAILABLE}
2024-05-16 23:25:26,207 INFO [main] o.e.jetty.server.AbstractConnector [AbstractConnector.java : 376] -- Started ServerConnector@41709512{HTTP/1.1, (http/1.1)}{0.0.0.0:8085}
2024-05-16 23:25:26,223 INFO [main] o.e.jetty.server.AbstractConnector [AbstractConnector.java : 376] -- Started ServerConnector@6e950bcf{HTTP/1.1, (http/1.1)}{0.0.0.0:59347}
2024-05-16 23:25:26,223 INFO [main] org.eclipse.jetty.server.Server [Server.java : 439] -- Started Server@56928307{STARTING}[11.0.15,sto=0] @990ms
2024-05-16 23:26:00,627 WARN [qtp1611832218-21] o.eclipse.jetty.server.HttpChannel [HttpChannel.java : 800] -- handleException /register_colaborador
java.io.FileNotFoundException: src\main\resources\web\listar_colaborador (El sistema no puede encontrar el archivo especificado)
	at java.base/java.io.FileInputStream.open0(Native Method)
	at java.base/java.io.FileInputStream.open(FileInputStream.java:216)
	at java.base/java.io.FileInputStream.<init>(FileInputStream.java:157)
	at java.base/java.io.FileInputStream.<init>(FileInputStream.java:111)
	at pe.edu.utp.utils.TextUTP.read(TextUTP.java:12)
	at pe.edu.utp.servlets.RegistroColaboradorServlet.doPost(RegistroColaboradorServlet.java:42)
	at jakarta.servlet.http.HttpServlet.service(HttpServlet.java:520)
	at jakarta.servlet.http.HttpServlet.service(HttpServlet.java:587)
	at org.eclipse.jetty.servlet.ServletHolder.handle(ServletHolder.java:764)
	at org.eclipse.jetty.servlet.ServletHandler$ChainEnd.doFilter(ServletHandler.java:1665)
	at org.eclipse.jetty.servlet.ServletHandler.doHandle(ServletHandler.java:527)
	at org.eclipse.jetty.server.handler.ScopedHandler.nextHandle(ScopedHandler.java:221)
	at org.eclipse.jetty.server.session.SessionHandler.doHandle(SessionHandler.java:1570)
	at org.eclipse.jetty.server.handler.ScopedHandler.nextHandle(ScopedHandler.java:221)
	at org.eclipse.jetty.server.handler.ContextHandler.doHandle(ContextHandler.java:1381)
	at org.eclipse.jetty.server.handler.ScopedHandler.nextScope(ScopedHandler.java:176)
	at org.eclipse.jetty.servlet.ServletHandler.doScope(ServletHandler.java:484)
	at org.eclipse.jetty.server.session.SessionHandler.doScope(SessionHandler.java:1543)
	at org.eclipse.jetty.server.handler.ScopedHandler.nextScope(ScopedHandler.java:174)
	at org.eclipse.jetty.server.handler.ContextHandler.doScope(ContextHandler.java:1303)
	at org.eclipse.jetty.server.handler.ScopedHandler.handle(ScopedHandler.java:129)
	at org.eclipse.jetty.server.handler.HandlerWrapper.handle(HandlerWrapper.java:122)
	at org.eclipse.jetty.server.Server.handle(Server.java:563)
	at org.eclipse.jetty.server.HttpChannel.lambda$handle$0(HttpChannel.java:505)
	at org.eclipse.jetty.server.HttpChannel.dispatch(HttpChannel.java:762)
	at org.eclipse.jetty.server.HttpChannel.handle(HttpChannel.java:497)
	at org.eclipse.jetty.server.HttpConnection.onFillable(HttpConnection.java:282)
	at org.eclipse.jetty.io.AbstractConnection$ReadCallback.succeeded(AbstractConnection.java:314)
	at org.eclipse.jetty.io.FillInterest.fillable(FillInterest.java:100)
	at org.eclipse.jetty.io.SelectableChannelEndPoint$1.run(SelectableChannelEndPoint.java:53)
	at org.eclipse.jetty.util.thread.strategy.AdaptiveExecutionStrategy.runTask(AdaptiveExecutionStrategy.java:416)
	at org.eclipse.jetty.util.thread.strategy.AdaptiveExecutionStrategy.consumeTask(AdaptiveExecutionStrategy.java:385)
	at org.eclipse.jetty.util.thread.strategy.AdaptiveExecutionStrategy.tryProduce(AdaptiveExecutionStrategy.java:272)
	at org.eclipse.jetty.util.thread.strategy.AdaptiveExecutionStrategy.lambda$new$0(AdaptiveExecutionStrategy.java:140)
	at org.eclipse.jetty.util.thread.ReservedThreadExecutor$ReservedThread.run(ReservedThreadExecutor.java:411)
	at org.eclipse.jetty.util.thread.QueuedThreadPool.runJob(QueuedThreadPool.java:969)
	at org.eclipse.jetty.util.thread.QueuedThreadPool$Runner.doRunJob(QueuedThreadPool.java:1194)
	at org.eclipse.jetty.util.thread.QueuedThreadPool$Runner.run(QueuedThreadPool.java:1149)
	at java.base/java.lang.Thread.run(Thread.java:840)
2024-05-16 23:26:40,732 INFO [main] pe.edu.utp.App [App.java : 36] -- Init app...
2024-05-16 23:26:40,872 INFO [main] org.eclipse.jetty.server.Server [Server.java : 384] -- jetty-11.0.15; built: 2023-04-11T18:37:53.775Z; git: 5bc5e562c8d05c5862505aebe5cf83a61bdbcb96; jvm 17.0.9+8-LTS
2024-05-16 23:26:40,923 INFO [main] o.e.j.s.s.DefaultSessionIdManager [DefaultSessionIdManager.java : 332] -- Session workerName=node0
2024-05-16 23:26:40,952 INFO [main] o.e.j.server.handler.ContextHandler [ContextHandler.java : 907] -- Started o.e.j.s.ServletContextHandler@eda25e5{/,file:///C:/Users/Duki2/AppData/Local/Temp/,AVAILABLE}
2024-05-16 23:26:40,991 INFO [main] o.e.jetty.server.AbstractConnector [AbstractConnector.java : 376] -- Started ServerConnector@41709512{HTTP/1.1, (http/1.1)}{0.0.0.0:8085}
2024-05-16 23:26:41,023 INFO [main] o.e.jetty.server.AbstractConnector [AbstractConnector.java : 376] -- Started ServerConnector@6e950bcf{HTTP/1.1, (http/1.1)}{0.0.0.0:59381}
2024-05-16 23:26:41,024 INFO [main] org.eclipse.jetty.server.Server [Server.java : 439] -- Started Server@56928307{STARTING}[11.0.15,sto=0] @1051ms
