2024-05-06 09:44:21 - INFO - CALL RegistrarUsuario(?, ?, ?)
2024-05-06 09:50:37 - INFO - CALL RegistrarUsuario(?, ?, ?)
2024-05-06 09:50:38 - INFO - CALL RegistrarUsuario(?, ?, ?)
2024-05-06 11:54:13 - INFO - CALL RegistrarUsuario(?, ?, ?)
2024-05-06 11:54:17 - INFO - CALL RegistrarUsuario(?, ?, ?)
2024-05-06 11:54:17 - ERROR - No se pudo crear cuenta de user por que ya esta registrado
2024-05-06 11:54:34 - INFO - CALL RegistrarUsuario(?, ?, ?)
2024-05-07 12:26:54 - INFO - CALL RegistrarUsuario(?, ?, ?)
2024-05-07 11:57:49 - INFO - CALL RegistrarUsuario(?, ?, ?)
2024-05-07 11:57:53 - INFO - CALL RegistrarUsuario(?, ?, ?)
2024-05-07 11:59:33 - INFO - CALL RegistrarUsuario(?, ?, ?)
2024-05-07 11:59:37 - INFO - CALL RegistrarUsuario(?, ?, ?)
2024-05-07 11:59:37 - INFO - CALL RegistrarUsuario(?, ?, ?)
2024-05-07 11:59:37 - INFO - CALL RegistrarUsuario(?, ?, ?)
2024-05-07 11:59:37 - INFO - CALL RegistrarUsuario(?, ?, ?)
2024-05-07 11:59:37 - INFO - CALL RegistrarUsuario(?, ?, ?)
2024-05-07 12:00:33 - INFO - CALL RegistrarUsuario(?, ?, ?)
2024-05-07 12:01:21 - INFO - CALL RegistrarUsuario(?, ?, ?)
2024-05-07 12:01:21 - ERROR - PROCEDURE projectsdb.RegistrarUsuario does not exist
2024-05-07 12:01:48 - INFO - CALL RegistrarUsuario(?, ?, ?)
2024-05-07 12:01:48 - ERROR - PROCEDURE projectsdb.RegistrarUsuario does not exist
2024-05-07 12:02:06 - INFO - CALL RegistrarUsuario(?, ?, ?)
2024-05-07 12:02:06 - ERROR - PROCEDURE projectsdb.RegistrarUsuario does not exist
2024-05-09 09:14:57 - INFO - CALL RegistrarProyecto(?, ?, ?, ?, ?, ?, ?, ?, ?, ?)
2024-05-09 11:54:16 - INFO - CALL RegistrarClientes(?, ?, ?, ?, ?, ?, ?, ?, ?, ?)
2024-05-09 11:54:16 - ERROR - No value specified for parameter 7
2024-05-10 12:21:18 - INFO - CALL RegistrarClientes(?, ?, ?, ?, ?, ?)
2024-05-10 12:21:18 - ERROR - PROCEDURE projectsdb.RegistrarClientes does not exist
2024-05-10 12:27:04 - INFO - CALL RegistrarCliente(?, ?, ?, ?, ?, ?)
2024-05-10 11:31:10 - INFO - CALL RegistrarProyecto(?, ?, ?, ?, ?, ?, ?, ?, ?, ?)
2024-05-10 12:44:01 - INFO - CALL RegistrarUsuario(?, ?, ?)
